<?xml version="1.0" encoding="UTF-8"?>
<!-- Generated by org.testng.reporters.JUnitXMLReporter -->
<testsuite hostname="EN911217" ignored="0" tests="11" failures="0" timestamp="2021-08-27T15:23:06 COT" time="9.332" errors="0">
  <testcase name="loginInvalid" time="3.844" classname="Authentication"/>
  <testcase name="loginInvalid" time="0.603" classname="Authentication"/>
  <testcase name="loginSuccessful" time="0.667" classname="Authentication"/>
  <testcase name="AddMovieToList" time="1.271" classname="ListCreation"/>
  <testcase name="AddMovieToList" time="0.509" classname="ListCreation"/>
  <testcase name="AddMovieToList" time="0.531" classname="ListCreation"/>
  <testcase name="createListValid" time="0.259" classname="ListCreation"/>
  <testcase name="createListValid" time="0.299" classname="ListCreation"/>
  <testcase name="createListValid" time="0.274" classname="ListCreation"/>
  <testcase name="search" time="0.148" classname="Search"/>
  <testcase name="search" time="0.127" classname="Search"/>
</testsuite>
